[INFO][AppLauncher]: Using device: cuda:0
[INFO][AppLauncher]: Loading experience file: /home/khrie/IsaacLab/apps/isaaclab.python.headless.kit
[INFO]: Parsing configuration from: parkour_tasks.extreme_parkour_task.config.b2.parkour_student_cfg:UnitreeB2StudentParkourEnvCfg_TRAIN
[INFO]: Parsing configuration from: parkour_tasks.extreme_parkour_task.config.b2.agents.rsl_student_ppo_cfg:UnitreeB2ParkourStudentPPORunnerCfg
[INFO] Logging experiment in directory: /home/khrie/Isaaclab_Parkour/logs/rsl_rl/unitree_b2_parkour
Exact experiment name requested from command line: 2026-06-03_16-39-29

[36m======================================================================================[0m
[36m[1m[INFO][IsaacLab]: Logging to file: /tmp/isaaclab/logs/isaaclab_2026-06-03_16-39-29.log[0m
[36m======================================================================================[0m

[33m16:39:29 [simulation_context.py] WARNING: The `enable_external_forces_every_iteration` parameter in the PhysxCfg is set to False. If you are experiencing noisy velocities, consider enabling this flag. You may need to slightly increase the number of velocity iterations (setting it to 1 or 2 rather than 0), together with this flag, to improve the accuracy of velocity updates.[0m
[INFO]: Base environment:
	Environment device    : cuda:0
	Environment seed      : 42
	Physics step-size     : 0.005
	Rendering step-size   : 0.02
	Environment step-size : 0.02
[INFO] Generating terrains based on curriculum took : 2.703063 seconds
[INFO]: Time taken for scene creation : 3.500433 seconds
[INFO]: Scene manager:  <class InteractiveScene>
	Number of environments: 2
	Environment spacing   : 1.0
	Source prim name      : /World/envs/env_0
	Global prim paths     : ['/World/ground']
	Replicate physics     : True
[INFO]: Starting the simulation. This may take a few seconds. Please wait...
[INFO]: Time taken for simulation start : 1.150992 seconds
[INFO] Command Manager:  <CommandManager> contains 1 active terms.
+-----------------------------------------------+
|              Active Command Terms             |
+-------+---------------+-----------------------+
| Index | Name          |          Type         |
+-------+---------------+-----------------------+
|   0   | base_velocity | UniformParkourCommand |
+-------+---------------+-----------------------+

[INFO] Event Manager:  <EventManager> contains 3 active terms.
+---------------------------------------+
|  Active Event Terms in Mode: 'reset'  |
+--------+------------------------------+
| Index  | Name                         |
+--------+------------------------------+
|   0    | reset_root_state             |
|   1    | reset_robot_joints           |
|   2    | base_external_force_torque   |
+--------+------------------------------+
+----------------------------------------+
| Active Event Terms in Mode: 'startup'  |
+--------+-------------------------------+
| Index  | Name                          |
+--------+-------------------------------+
|   0    | physics_material              |
|   1    | randomize_rigid_body_mass     |
|   2    | randomize_rigid_body_com      |
|   3    | random_camera_position        |
+--------+-------------------------------+
+------------------------------------------------------------+
|           Active Event Terms in Mode: 'interval'           |
+-------+--------------------------+-------------------------+
| Index | Name                     | Interval time range (s) |
+-------+--------------------------+-------------------------+
|   0   | push_by_setting_velocity |        (8.0, 8.0)       |
+-------+--------------------------+-------------------------+

[INFO] Recorder Manager:  <RecorderManager> contains 0 active terms.
+---------------------+
| Active Recorder Terms |
+-----------+---------+
|   Index   | Name    |
+-----------+---------+
+-----------+---------+

[INFO] Action Manager:  <ActionManager> contains 1 active terms.
+------------------------------------+
|  Active Action Terms (shape: 12)   |
+--------+-------------+-------------+
| Index  | Name        |   Dimension |
+--------+-------------+-------------+
|   0    | joint_pos   |          12 |
+--------+-------------+-------------+

[INFO] Parkour Manager: <CommandManager> contains 1 active terms.
+-------------------------------------+
|         Active Command Terms        |
+-------+--------------+--------------+
| Index | Name         |     Type     |
+-------+--------------+--------------+
|   0   | base_parkour | ParkourEvent |
+-------+--------------+--------------+

[INFO] Observation Manager: <ObservationManager> contains 6 groups.
+---------------------------------------------------------+
| Active Observation Terms in Group: 'proprio' (shape: (48,)) |
+-----------+---------------------------------+-----------+
|   Index   | Name                            |   Shape   |
+-----------+---------------------------------+-----------+
|     0     | base_lin_vel                    |    (3,)   |
|     1     | base_ang_vel                    |    (3,)   |
|     2     | velocity_commands               |    (3,)   |
|     3     | projected_gravity               |    (3,)   |
|     4     | joint_pos                       |   (12,)   |
|     5     | joint_vel                       |   (12,)   |
|     6     | actions                         |   (12,)   |
+-----------+---------------------------------+-----------+
+---------------------------------------+
| Active Observation Terms in Group: 'extero' |
+-------------+-----------+-------------+
|    Index    | Name      |    Shape    |
+-------------+-----------+-------------+
+-------------+-----------+-------------+
+---------------------------------------+
| Active Observation Terms in Group: 'image' |
+-------------+-----------+-------------+
|    Index    | Name      |    Shape    |
+-------------+-----------+-------------+
+-------------+-----------+-------------+
+-----------------------------------------------------------------+
| Active Observation Terms in Group: 'privileged' (shape: (753,)) |
+----------+------------------------------------------+-----------+
|  Index   | Name                                     |   Shape   |
+----------+------------------------------------------+-----------+
|    0     | extreme_parkour_observations             |   (753,)  |
+----------+------------------------------------------+-----------+
+-----------------------------------------------------------+
| Active Observation Terms in Group: 'delta_yaw_ok' (shape: (1,)) |
+--------------+-----------------------------+--------------+
|    Index     | Name                        |    Shape     |
+--------------+-----------------------------+--------------+
|      0       | delta_yaw_ok                |     (1,)     |
+--------------+-----------------------------+--------------+
+-------------------------------------------------------------+
| Active Observation Terms in Group: 'depth_camera' (shape: (58, 87)) |
+--------------+------------------------+---------------------+
|    Index     | Name                   |        Shape        |
+--------------+------------------------+---------------------+
|      0       | depth_cam              |       (58, 87)      |
+--------------+------------------------+---------------------+

[INFO] Termination Manager:  <TerminationManager> contains 1 active terms.
+-------------------------------------+
|       Active Termination Terms      |
+-------+------------------+----------+
| Index | Name             | Time Out |
+-------+------------------+----------+
|   0   | total_terminates |   True   |
+-------+------------------+----------+

[INFO] Reward Manager:  <RewardManager> contains 1 active terms.
+-----------------------------------+
|        Active Reward Terms        |
+-------+------------------+--------+
| Index | Name             | Weight |
+-------+------------------+--------+
|   0   | reward_collision |   -0.0 |
+-------+------------------+--------+

[INFO] Curriculum Manager:  <CurriculumManager> contains 0 active terms.
+----------------------+
| Active Curriculum Terms |
+-----------+----------+
|   Index   | Name     |
+-----------+----------+
+-----------+----------+

[INFO]: Completed setting up the environment...
Actor MLP: Actor(
  (priv_encoder): Sequential(
    (0): Linear(in_features=29, out_features=64, bias=True)
    (1): ELU(alpha=1.0)
    (2): Linear(in_features=64, out_features=20, bias=True)
    (3): ELU(alpha=1.0)
  )
  (history_encoder): StateHistoryEncoder(
    (activation_fn): ELU(alpha=1.0)
    (encoder): Sequential(
      (0): Linear(in_features=53, out_features=30, bias=True)
      (1): ELU(alpha=1.0)
    )
    (conv_layers): Sequential(
      (0): Conv1d(30, 20, kernel_size=(4,), stride=(2,))
      (1): ELU(alpha=1.0)
      (2): Conv1d(20, 10, kernel_size=(2,), stride=(1,))
      (3): ELU(alpha=1.0)
      (4): Flatten(start_dim=1, end_dim=-1)
    )
    (linear_output): Sequential(
      (0): Linear(in_features=30, out_features=20, bias=True)
      (1): ELU(alpha=1.0)
    )
  )
  (scan_encoder): Sequential(
    (0): Linear(in_features=132, out_features=128, bias=True)
    (1): ELU(alpha=1.0)
    (2): Linear(in_features=128, out_features=64, bias=True)
    (3): ELU(alpha=1.0)
    (4): Linear(in_features=64, out_features=32, bias=True)
    (5): Tanh()
  )
  (actor_backbone): Sequential(
    (0): Linear(in_features=114, out_features=512, bias=True)
    (1): ELU(alpha=1.0)
    (2): Linear(in_features=512, out_features=256, bias=True)
    (3): ELU(alpha=1.0)
    (4): Linear(in_features=256, out_features=128, bias=True)
    (5): ELU(alpha=1.0)
    (6): Linear(in_features=128, out_features=12, bias=True)
  )
)
Critic MLP: Sequential(
  (0): Linear(in_features=753, out_features=512, bias=True)
  (1): ELU(alpha=1.0)
  (2): Linear(in_features=512, out_features=256, bias=True)
  (3): ELU(alpha=1.0)
  (4): Linear(in_features=256, out_features=128, bias=True)
  (5): ELU(alpha=1.0)
  (6): Linear(in_features=128, out_features=1, bias=True)
)
[INFO]: Loading model checkpoint from: /home/khrie/Isaaclab_Parkour/logs/rsl_rl/unitree_b2_parkour/2026-06-01_19-17-06/model_30000.pt
Saved depth encoder detected, loading...
Saved depth actor detected, loading...
Error executing job with overrides: []
Traceback (most recent call last):
  File "/home/khrie/IsaacLab/source/isaaclab_tasks/isaaclab_tasks/utils/hydra.py", line 100, in hydra_main
    func(env_cfg, agent_cfg, *args, **kwargs)
  File "/home/khrie/Isaaclab_Parkour/scripts/rsl_rl/train.py", line 190, in main
    runner.learn(num_learning_iterations=agent_cfg.max_iterations, init_at_random_ep_len=True)
  File "/home/khrie/Isaaclab_Parkour/scripts/rsl_rl/modules/on_policy_runner_with_extractor.py", line 401, in learn_vision
    depth_latent_and_yaw = self.alg.depth_encoder(additional_obs["depth_camera"].clone(), obs_prop_depth)  # clone is crucial to avoid in-place operation
                           ^^^^^^^^^^^^^^^^^^^^^^^^^^^^^^^^^^^^^^^^^^^^^^^^^^^^^^^^^^^^^^^^^^^^^^^^^^^^^^
  File "/home/khrie/miniconda3/envs/env_isaaclab/lib/python3.11/site-packages/torch/nn/modules/module.py", line 1751, in _wrapped_call_impl
    return self._call_impl(*args, **kwargs)
           ^^^^^^^^^^^^^^^^^^^^^^^^^^^^^^^^
  File "/home/khrie/miniconda3/envs/env_isaaclab/lib/python3.11/site-packages/torch/nn/modules/module.py", line 1762, in _call_impl
    return forward_call(*args, **kwargs)
           ^^^^^^^^^^^^^^^^^^^^^^^^^^^^^
  File "/home/khrie/Isaaclab_Parkour/scripts/rsl_rl/modules/feature_extractors/depth_backbone.py", line 68, in forward
    depth_latent = self.combination_mlp(torch.cat((depth_image, proprioception), dim=-1))
                   ^^^^^^^^^^^^^^^^^^^^^^^^^^^^^^^^^^^^^^^^^^^^^^^^^^^^^^^^^^^^^^^^^^^^^^
  File "/home/khrie/miniconda3/envs/env_isaaclab/lib/python3.11/site-packages/torch/nn/modules/module.py", line 1751, in _wrapped_call_impl
    return self._call_impl(*args, **kwargs)
           ^^^^^^^^^^^^^^^^^^^^^^^^^^^^^^^^
  File "/home/khrie/miniconda3/envs/env_isaaclab/lib/python3.11/site-packages/torch/nn/modules/module.py", line 1762, in _call_impl
    return forward_call(*args, **kwargs)
           ^^^^^^^^^^^^^^^^^^^^^^^^^^^^^
  File "/home/khrie/miniconda3/envs/env_isaaclab/lib/python3.11/site-packages/torch/nn/modules/container.py", line 240, in forward
    input = module(input)
            ^^^^^^^^^^^^^
  File "/home/khrie/miniconda3/envs/env_isaaclab/lib/python3.11/site-packages/torch/nn/modules/module.py", line 1751, in _wrapped_call_impl
    return self._call_impl(*args, **kwargs)
           ^^^^^^^^^^^^^^^^^^^^^^^^^^^^^^^^
  File "/home/khrie/miniconda3/envs/env_isaaclab/lib/python3.11/site-packages/torch/nn/modules/module.py", line 1762, in _call_impl
    return forward_call(*args, **kwargs)
           ^^^^^^^^^^^^^^^^^^^^^^^^^^^^^
  File "/home/khrie/miniconda3/envs/env_isaaclab/lib/python3.11/site-packages/torch/nn/modules/linear.py", line 125, in forward
    return F.linear(input, self.weight, self.bias)
           ^^^^^^^^^^^^^^^^^^^^^^^^^^^^^^^^^^^^^^^
RuntimeError: mat1 and mat2 shapes cannot be multiplied (2x80 and 85x128)

Set the environment variable HYDRA_FULL_ERROR=1 for a complete stack trace.
Loading user config located at: '/home/khrie/miniconda3/envs/env_isaaclab/lib/python3.11/site-packages/isaacsim/kit/data/Kit/Isaac-Sim/5.1/user.config.json'
[Info] [carb] Logging to file: /home/khrie/miniconda3/envs/env_isaaclab/lib/python3.11/site-packages/isaacsim/kit/logs/Kit/Isaac-Sim/5.1/kit_20260603_163923.log
2026-06-03T09:39:23Z [73ms] [Warning] [omni.usd_config.extension] Enable omni.materialx.libs extension to use MaterialX
2026-06-03T09:39:23Z [411ms] [Warning] [carb] Acquiring non optional plugin interface which is not listed as dependency: [omni::physx::IPhysxBenchmarks v1.0] (plugin: <default plugin>), by client: omni.physics.physx.plugin. Add it to CARB_PLUGIN_IMPL_DEPS() macro of a client.
2026-06-03T09:39:23Z [417ms] [Warning] [omni.isaac.dynamic_control] omni.isaac.dynamic_control is deprecated as of Isaac Sim 4.5. No action is needed from end-users.
2026-06-03T09:39:27Z [4,374ms] [Warning] [gpu.foundation.plugin] Skipping unsupported non-NVIDIA GPU: Intel(R) Graphics (RPL-P)
2026-06-03T09:39:27Z [4,374ms] [Warning] [gpu.foundation.plugin] Skipping unsupported non-NVIDIA GPU: Intel(R) Graphics (RPL-P)

|---------------------------------------------------------------------------------------------|
| Driver Version: 580.159.03    | Graphics API: Vulkan
|=============================================================================================|
| GPU | Name                             | Active | LDA | GPU Memory | Vendor-ID | LUID       |
|     |                                  |        |     |            | Device-ID | UUID       |
|     |                                  |        |     |            | Bus-ID    |            |
|---------------------------------------------------------------------------------------------|
| 0   | NVIDIA GeForce RTX 4060 Laptop.. | Yes: 0 |     | 8188    MB | 10de      | 0          |
|     |                                  |        |     |            | 28e0      | 1b6a4c7d.. |
|     |                                  |        |     |            | 1         |            |
|---------------------------------------------------------------------------------------------|
| 1   | Intel(R) Graphics (RPL-P)        |        |     | 11784   MB | 8086      | 0          |
|     |                                  |        |     |            | a7a0      | 8680a0a7.. |
|     |                                  |        |     |            | 0         |            |
|=============================================================================================|
| OS: 22.04.5 LTS (Jammy Jellyfish) ubuntu, Version: 22.04.5, Kernel: 6.8.0-111-generic
| XServer Vendor: The X.Org Foundation, XServer Version: 12201001 (1.22.1.1)
| Processor: 13th Gen Intel(R) Core(TM) i7-13700H
| Bare Metal Cores: 14 | Bare Metal Logical Cores: 28
| Available Cores:  20 
|---------------------------------------------------------------------------------------------|
| Total Memory (MB): 15713 | Free Memory: 9335
| Total Page/Swap (MB): 16383 | Free Page/Swap: 16383
|---------------------------------------------------------------------------------------------|
2026-06-03T09:39:28Z [4,567ms] [Warning] [gpu.foundation.plugin] CPU performance profile is set to powersave. This profile sets the CPU to the lowest frequency reducing performance.
2026-06-03T09:39:28Z [4,576ms] [Warning] [gpu.foundation.plugin] IOMMU is enabled.
2026-06-03T09:39:28Z [4,576ms] [Warning] [gpu.foundation.plugin] Detected IOMMU is enabled. Running CUDA peer-to-peer bandwidth and latency validation.
Unidirectional P2P=Enabled Bandwidth (P2P Writes) Matrix (GB/s)
   D\D     0 
     0 198.19 
P2P=Enabled Latency (P2P Writes) Matrix (us)
   GPU     0 
     0   1.40 

   CPU     0 
     0   1.60 
2026-06-03T09:39:35Z [11,917ms] [Warning] [omni.physx.plugin] USD stage detach not called, holding a loose ptr to a stage!
2026-06-03T09:39:35Z [12,177ms] [Warning] [carb] Recursive unloadAllPlugins() detected!
