[INFO][AppLauncher]: Using device: cuda:0
[INFO][AppLauncher]: Loading experience file: /home/khrie/IsaacLab/apps/isaaclab.python.headless.kit
Loading user config located at: '/home/khrie/miniconda3/envs/env_isaaclab/lib/python3.11/site-packages/isaacsim/kit/data/Kit/Isaac-Sim/5.1/user.config.json'
[Info] [carb] Logging to file: /home/khrie/miniconda3/envs/env_isaaclab/lib/python3.11/site-packages/isaacsim/kit/logs/Kit/Isaac-Sim/5.1/kit_20260603_164104.log
2026-06-03T09:41:04Z [69ms] [Warning] [omni.usd_config.extension] Enable omni.materialx.libs extension to use MaterialX
2026-06-03T09:41:04Z [397ms] [Warning] [carb] Acquiring non optional plugin interface which is not listed as dependency: [omni::physx::IPhysxBenchmarks v1.0] (plugin: <default plugin>), by client: omni.physics.physx.plugin. Add it to CARB_PLUGIN_IMPL_DEPS() macro of a client.
2026-06-03T09:41:04Z [403ms] [Warning] [omni.isaac.dynamic_control] omni.isaac.dynamic_control is deprecated as of Isaac Sim 4.5. No action is needed from end-users.
2026-06-03T09:41:08Z [4,313ms] [Warning] [gpu.foundation.plugin] Skipping unsupported non-NVIDIA GPU: Intel(R) Graphics (RPL-P)
2026-06-03T09:41:08Z [4,313ms] [Warning] [gpu.foundation.plugin] Skipping unsupported non-NVIDIA GPU: Intel(R) Graphics (RPL-P)

|---------------------------------------------------------------------------------------------|
| Driver Version: 580.159.03    | Graphics API: Vulkan
|=============================================================================================|
| GPU | Name                             | Active | LDA | GPU Memory | Vendor-ID | LUID       |
|     |                                  |        |     |            | Device-ID | UUID       |
|     |                                  |        |     |            | Bus-ID    |            |
|---------------------------------------------------------------------------------------------|
| 0   | NVIDIA GeForce RTX 4060 Laptop.. | Yes: 0 |     | 8188    MB | 10de      | 0          |
|     |                                  |        |     |            | 28e0      | 1b6a4c7d.. |
|     |                                  |        |     |            | 1         |            |
|---------------------------------------------------------------------------------------------|
| 1   | Intel(R) Graphics (RPL-P)        |        |     | 11784   MB | 8086      | 0          |
|     |                                  |        |     |            | a7a0      | 8680a0a7.. |
|     |                                  |        |     |            | 0         |            |
|=============================================================================================|
| OS: 22.04.5 LTS (Jammy Jellyfish) ubuntu, Version: 22.04.5, Kernel: 6.8.0-111-generic
| XServer Vendor: The X.Org Foundation, XServer Version: 12201001 (1.22.1.1)
| Processor: 13th Gen Intel(R) Core(TM) i7-13700H
| Bare Metal Cores: 14 | Bare Metal Logical Cores: 28
| Available Cores:  20 
|---------------------------------------------------------------------------------------------|
| Total Memory (MB): 15713 | Free Memory: 9376
| Total Page/Swap (MB): 16383 | Free Page/Swap: 16383
|---------------------------------------------------------------------------------------------|
2026-06-03T09:41:09Z [4,505ms] [Warning] [gpu.foundation.plugin] CPU performance profile is set to powersave. This profile sets the CPU to the lowest frequency reducing performance.
2026-06-03T09:41:09Z [4,514ms] [Warning] [gpu.foundation.plugin] IOMMU is enabled.
2026-06-03T09:41:09Z [4,514ms] [Warning] [gpu.foundation.plugin] Detected IOMMU is enabled. Running CUDA peer-to-peer bandwidth and latency validation.
Unidirectional P2P=Enabled Bandwidth (P2P Writes) Matrix (GB/s)
   D\D     0 
     0 197.63 
P2P=Enabled Latency (P2P Writes) Matrix (us)
   GPU     0 
     0   1.60 

   CPU     0 
     0   1.67 
Traceback (most recent call last):
  File "/home/khrie/Isaaclab_Parkour/scripts/rsl_rl/train.py", line 198, in <module>
    main()
  File "/home/khrie/IsaacLab/source/isaaclab_tasks/isaaclab_tasks/utils/hydra.py", line 80, in wrapper
    env_cfg, agent_cfg = register_task_to_hydra(task_name.split(":")[-1], agent_cfg_entry_point)
                         ^^^^^^^^^^^^^^^^^^^^^^^^^^^^^^^^^^^^^^^^^^^^^^^^^^^^^^^^^^^^^^^^^^^^^^^
  File "/home/khrie/IsaacLab/source/isaaclab_tasks/isaaclab_tasks/utils/hydra.py", line 41, in register_task_to_hydra
    env_cfg = load_cfg_from_registry(task_name, "env_cfg_entry_point")
              ^^^^^^^^^^^^^^^^^^^^^^^^^^^^^^^^^^^^^^^^^^^^^^^^^^^^^^^^
  File "/home/khrie/IsaacLab/source/isaaclab_tasks/isaaclab_tasks/utils/parse_cfg.py", line 58, in load_cfg_from_registry
    cfg_entry_point = gym.spec(task_name.split(":")[-1]).kwargs.get(entry_point_key)
                      ^^^^^^^^^^^^^^^^^^^^^^^^^^^^^^^^^^
  File "/home/khrie/miniconda3/envs/env_isaaclab/lib/python3.11/site-packages/gymnasium/envs/registration.py", line 1000, in spec
    _check_version_exists(ns, name, version)
  File "/home/khrie/miniconda3/envs/env_isaaclab/lib/python3.11/site-packages/gymnasium/envs/registration.py", line 392, in _check_version_exists
    _check_name_exists(ns, name)
  File "/home/khrie/miniconda3/envs/env_isaaclab/lib/python3.11/site-packages/gymnasium/envs/registration.py", line 369, in _check_name_exists
    raise error.NameNotFound(
gymnasium.error.NameNotFound: Environment `Isaac-Extreme-Parkour-Unitree-B2` doesn't exist. Did you mean: `Isaac-Extreme-Parkour-Teacher-Unitree-B2`?
2026-06-03T09:41:10Z [5,698ms] [Warning] [omni.physx.plugin] USD stage detach not called, holding a loose ptr to a stage!
2026-06-03T09:41:10Z [5,760ms] [Warning] [carb] Recursive unloadAllPlugins() detected!
